<?xml version="1.0" encoding="UTF-8"?>
<testsuite name="com.woowacourse.woochelin.WoochelinApplicationTests" tests="1" skipped="0" failures="0" errors="0" timestamp="2026-05-22T05:00:38.762Z" hostname="hyeonseongbug.local" time="0.279">
  <properties/>
  <testcase name="contextLoads()" classname="com.woowacourse.woochelin.WoochelinApplicationTests" time="0.279"/>
  <system-out><![CDATA[14:00:36.012 [Test worker] INFO org.springframework.test.context.support.AnnotationConfigContextLoaderUtils -- Could not detect default configuration classes for test class [com.woowacourse.woochelin.WoochelinApplicationTests]: WoochelinApplicationTests does not declare any static, non-private, non-final, nested classes annotated with @Configuration.
14:00:36.060 [Test worker] INFO org.springframework.boot.test.context.SpringBootTestContextBootstrapper -- Found @SpringBootConfiguration com.woowacourse.woochelin.WoochelinApplication for test class com.woowacourse.woochelin.WoochelinApplicationTests

  .   ____          _            __ _ _
 /\\ / ___'_ __ _ _(_)_ __  __ _ \ \ \ \
( ( )\___ | '_ | '_| | '_ \/ _` | \ \ \ \
 \\/  ___)| |_)| | | | | || (_| |  ) ) ) )
  '  |____| .__|_| |_|_| |_\__, | / / / /
 =========|_|==============|___/=/_/_/_/

 :: Spring Boot ::               (v3.5.14)

2026-05-22T14:00:36.236+09:00  INFO 17760 --- [woochelin] [    Test worker] c.w.woochelin.WoochelinApplicationTests  : Starting WoochelinApplicationTests using Java 21.0.8 with PID 17760 (started by lhs in /Users/lhs/Desktop/github/Woochelin/backend)
2026-05-22T14:00:36.237+09:00  INFO 17760 --- [woochelin] [    Test worker] c.w.woochelin.WoochelinApplicationTests  : No active profile set, falling back to 1 default profile: "default"
2026-05-22T14:00:36.547+09:00  INFO 17760 --- [woochelin] [    Test worker] .s.d.r.c.RepositoryConfigurationDelegate : Bootstrapping Spring Data JPA repositories in DEFAULT mode.
2026-05-22T14:00:36.581+09:00  INFO 17760 --- [woochelin] [    Test worker] .s.d.r.c.RepositoryConfigurationDelegate : Finished Spring Data repository scanning in 29 ms. Found 6 JPA repository interfaces.
2026-05-22T14:00:36.810+09:00  INFO 17760 --- [woochelin] [    Test worker] o.hibernate.jpa.internal.util.LogHelper  : HHH000204: Processing PersistenceUnitInfo [name: default]
2026-05-22T14:00:36.834+09:00  INFO 17760 --- [woochelin] [    Test worker] org.hibernate.Version                    : HHH000412: Hibernate ORM core version 6.6.49.Final
2026-05-22T14:00:36.848+09:00  INFO 17760 --- [woochelin] [    Test worker] o.h.c.internal.RegionFactoryInitiator    : HHH000026: Second-level cache disabled
2026-05-22T14:00:36.963+09:00  INFO 17760 --- [woochelin] [    Test worker] o.s.o.j.p.SpringPersistenceUnitInfo      : No LoadTimeWeaver setup: ignoring JPA class transformer
2026-05-22T14:00:36.975+09:00  INFO 17760 --- [woochelin] [    Test worker] com.zaxxer.hikari.HikariDataSource       : HikariPool-1 - Starting...
2026-05-22T14:00:37.061+09:00  INFO 17760 --- [woochelin] [    Test worker] com.zaxxer.hikari.pool.HikariPool        : HikariPool-1 - Added connection conn0: url=jdbc:h2:mem:ab80668b-c78c-4de4-aef9-131fd138b2e7 user=SA
2026-05-22T14:00:37.062+09:00  INFO 17760 --- [woochelin] [    Test worker] com.zaxxer.hikari.HikariDataSource       : HikariPool-1 - Start completed.
2026-05-22T14:00:37.087+09:00  INFO 17760 --- [woochelin] [    Test worker] org.hibernate.orm.connections.pooling    : HHH10001005: Database info:
	Database JDBC URL [Connecting through datasource 'HikariDataSource (HikariPool-1)']
	Database driver: undefined/unknown
	Database version: 2.3.232
	Autocommit mode: undefined/unknown
	Isolation level: undefined/unknown
	Minimum pool size: undefined/unknown
	Maximum pool size: undefined/unknown
2026-05-22T14:00:37.529+09:00  INFO 17760 --- [woochelin] [    Test worker] o.h.e.t.j.p.i.JtaPlatformInitiator       : HHH000489: No JTA platform available (set 'hibernate.transaction.jta.platform' to enable JTA platform integration)
2026-05-22T14:00:37.569+09:00  INFO 17760 --- [woochelin] [    Test worker] j.LocalContainerEntityManagerFactoryBean : Initialized JPA EntityManagerFactory for persistence unit 'default'
2026-05-22T14:00:37.709+09:00  INFO 17760 --- [woochelin] [    Test worker] o.s.d.j.r.query.QueryEnhancerFactory     : Hibernate is in classpath; If applicable, HQL parser will be used.
2026-05-22T14:00:38.536+09:00  INFO 17760 --- [woochelin] [    Test worker] o.s.b.a.h2.H2ConsoleAutoConfiguration    : H2 console available at '/h2-console'. Database available at 'jdbc:h2:mem:ab80668b-c78c-4de4-aef9-131fd138b2e7'
2026-05-22T14:00:38.565+09:00  INFO 17760 --- [woochelin] [    Test worker] c.w.woochelin.WoochelinApplicationTests  : Started WoochelinApplicationTests in 2.447 seconds (process running for 3.0)
]]></system-out>
  <system-err><![CDATA[Mockito is currently self-attaching to enable the inline-mock-maker. This will no longer work in future releases of the JDK. Please add Mockito as an agent to your build as described in Mockito's documentation: https://javadoc.io/doc/org.mockito/mockito-core/latest/org.mockito/org/mockito/Mockito.html#0.3
WARNING: A Java agent has been loaded dynamically (/Users/lhs/.gradle/caches/modules-2/files-2.1/net.bytebuddy/byte-buddy-agent/1.17.8/f09415827a71be7ed621c7bd02550678f28bc81c/byte-buddy-agent-1.17.8.jar)
WARNING: If a serviceability tool is in use, please run with -XX:+EnableDynamicAgentLoading to hide this warning
WARNING: If a serviceability tool is not in use, please run with -Djdk.instrument.traceUsage for more information
WARNING: Dynamic loading of agents will be disallowed by default in a future release
]]></system-err>
</testsuite>
