<?xml version="1.0" encoding="UTF-8"?>
<testsuite name="com.woowacourse.woochelin.api.WoochelinApiIntegrationTest" tests="8" skipped="0" failures="0" errors="0" timestamp="2026-05-22T06:22:36.679Z" hostname="hyeonseongbug.local" time="0.714">
  <properties/>
  <testcase name="별점 범위를 벗어난 리뷰 요청은 검증 단계에서 거절한다" classname="com.woowacourse.woochelin.api.WoochelinApiIntegrationTest" time="0.167"/>
  <testcase name="코치 리뷰는 비밀번호 검증 후 수정할 수 있다" classname="com.woowacourse.woochelin.api.WoochelinApiIntegrationTest" time="0.201"/>
  <testcase name="상세 조회는 조회 로그를 남기고 챗봇 급상승 및 홈 랭킹에 반영된다" classname="com.woowacourse.woochelin.api.WoochelinApiIntegrationTest" time="0.094"/>
  <testcase name="리뷰어 리뷰에는 리뷰어 태그만 허용한다" classname="com.woowacourse.woochelin.api.WoochelinApiIntegrationTest" time="0.012"/>
  <testcase name="코치 리뷰 작성 시 상위 태그는 3개만 노출되고 삭제 후 상세 조회에서 제외된다" classname="com.woowacourse.woochelin.api.WoochelinApiIntegrationTest" time="0.187"/>
  <testcase name="Gemini API 키가 없으면 챗봇 API는 명확한 503 응답을 반환한다" classname="com.woowacourse.woochelin.api.WoochelinApiIntegrationTest" time="0.01"/>
  <testcase name="초기 seed 데이터로 코치 태그와 코치 목록을 조회한다" classname="com.woowacourse.woochelin.api.WoochelinApiIntegrationTest" time="0.021"/>
  <testcase name="통합 검색은 코치와 리뷰어를 함께 반환한다" classname="com.woowacourse.woochelin.api.WoochelinApiIntegrationTest" time="0.015"/>
  <system-out><![CDATA[2026-05-22T15:22:36.000+09:00  INFO 52491 --- [woochelin] [    Test worker] t.c.s.AnnotationConfigContextLoaderUtils : Could not detect default configuration classes for test class [com.woowacourse.woochelin.api.WoochelinApiIntegrationTest]: WoochelinApiIntegrationTest does not declare any static, non-private, non-final, nested classes annotated with @Configuration.
2026-05-22T15:22:36.013+09:00  INFO 52491 --- [woochelin] [    Test worker] .b.t.c.SpringBootTestContextBootstrapper : Found @SpringBootConfiguration com.woowacourse.woochelin.WoochelinApplication for test class com.woowacourse.woochelin.api.WoochelinApiIntegrationTest

  .   ____          _            __ _ _
 /\\ / ___'_ __ _ _(_)_ __  __ _ \ \ \ \
( ( )\___ | '_ | '_| | '_ \/ _` | \ \ \ \
 \\/  ___)| |_)| | | | | || (_| |  ) ) ) )
  '  |____| .__|_| |_|_| |_\__, | / / / /
 =========|_|==============|___/=/_/_/_/

 :: Spring Boot ::               (v3.5.14)

2026-05-22T15:22:36.028+09:00  INFO 52491 --- [woochelin] [    Test worker] c.w.w.api.WoochelinApiIntegrationTest    : Starting WoochelinApiIntegrationTest using Java 21.0.8 with PID 52491 (started by lhs in /Users/lhs/Desktop/github/Woochelin/backend)
2026-05-22T15:22:36.028+09:00  INFO 52491 --- [woochelin] [    Test worker] c.w.w.api.WoochelinApiIntegrationTest    : No active profile set, falling back to 1 default profile: "default"
2026-05-22T15:22:36.122+09:00  INFO 52491 --- [woochelin] [    Test worker] .s.d.r.c.RepositoryConfigurationDelegate : Bootstrapping Spring Data JPA repositories in DEFAULT mode.
2026-05-22T15:22:36.134+09:00  INFO 52491 --- [woochelin] [    Test worker] .s.d.r.c.RepositoryConfigurationDelegate : Finished Spring Data repository scanning in 10 ms. Found 8 JPA repository interfaces.
2026-05-22T15:22:36.190+09:00  INFO 52491 --- [woochelin] [    Test worker] o.hibernate.jpa.internal.util.LogHelper  : HHH000204: Processing PersistenceUnitInfo [name: default]
2026-05-22T15:22:36.191+09:00  INFO 52491 --- [woochelin] [    Test worker] o.h.c.internal.RegionFactoryInitiator    : HHH000026: Second-level cache disabled
2026-05-22T15:22:36.195+09:00  INFO 52491 --- [woochelin] [    Test worker] o.s.o.j.p.SpringPersistenceUnitInfo      : No LoadTimeWeaver setup: ignoring JPA class transformer
2026-05-22T15:22:36.195+09:00  INFO 52491 --- [woochelin] [    Test worker] com.zaxxer.hikari.HikariDataSource       : HikariPool-2 - Starting...
2026-05-22T15:22:36.197+09:00  INFO 52491 --- [woochelin] [    Test worker] com.zaxxer.hikari.pool.HikariPool        : HikariPool-2 - Added connection conn10: url=jdbc:h2:mem:046a4b3b-2f31-4128-87c7-3a497d8f3713 user=SA
2026-05-22T15:22:36.197+09:00  INFO 52491 --- [woochelin] [    Test worker] com.zaxxer.hikari.HikariDataSource       : HikariPool-2 - Start completed.
2026-05-22T15:22:36.197+09:00  INFO 52491 --- [woochelin] [    Test worker] org.hibernate.orm.connections.pooling    : HHH10001005: Database info:
	Database JDBC URL [Connecting through datasource 'HikariDataSource (HikariPool-2)']
	Database driver: undefined/unknown
	Database version: 2.3.232
	Autocommit mode: undefined/unknown
	Isolation level: undefined/unknown
	Minimum pool size: undefined/unknown
	Maximum pool size: undefined/unknown
2026-05-22T15:22:36.243+09:00  INFO 52491 --- [woochelin] [    Test worker] o.h.e.t.j.p.i.JtaPlatformInitiator       : HHH000489: No JTA platform available (set 'hibernate.transaction.jta.platform' to enable JTA platform integration)
2026-05-22T15:22:36.255+09:00  INFO 52491 --- [woochelin] [    Test worker] j.LocalContainerEntityManagerFactoryBean : Initialized JPA EntityManagerFactory for persistence unit 'default'
2026-05-22T15:22:36.388+09:00  INFO 52491 --- [woochelin] [    Test worker] o.s.b.a.h2.H2ConsoleAutoConfiguration    : H2 console available at '/h2-console'. Database available at 'jdbc:h2:mem:046a4b3b-2f31-4128-87c7-3a497d8f3713'
2026-05-22T15:22:36.406+09:00  INFO 52491 --- [woochelin] [    Test worker] o.s.b.t.m.w.SpringBootMockServletContext : Initializing Spring TestDispatcherServlet ''
2026-05-22T15:22:36.406+09:00  INFO 52491 --- [woochelin] [    Test worker] o.s.t.web.servlet.TestDispatcherServlet  : Initializing Servlet ''
2026-05-22T15:22:36.407+09:00  INFO 52491 --- [woochelin] [    Test worker] o.s.t.web.servlet.TestDispatcherServlet  : Completed initialization in 1 ms
2026-05-22T15:22:36.415+09:00  INFO 52491 --- [woochelin] [    Test worker] c.w.w.api.WoochelinApiIntegrationTest    : Started WoochelinApiIntegrationTest in 0.398 seconds (process running for 5.107)
]]></system-out>
  <system-err><![CDATA[]]></system-err>
</testsuite>
