<?xml version="1.0" encoding="UTF-8"?>
<testsuite name="com.woowacourse.woochelin.common.ReviewRequestTest" tests="3" skipped="0" failures="0" errors="0" timestamp="2026-05-21T09:38:13.583Z" hostname="hyeonseongbug.local" time="0.004">
  <properties/>
  <testcase name="태그 목록은 중복을 제거하고 입력 순서를 유지한다" classname="com.woowacourse.woochelin.common.ReviewRequestTest" time="0.002"/>
  <testcase name="태그 목록이 없으면 빈 목록으로 정규화한다" classname="com.woowacourse.woochelin.common.ReviewRequestTest" time="0.0"/>
  <testcase name="닉네임이 비어 있으면 익명으로 정규화한다" classname="com.woowacourse.woochelin.common.ReviewRequestTest" time="0.0"/>
  <system-out><![CDATA[]]></system-out>
  <system-err><![CDATA[]]></system-err>
</testsuite>
